[2020-01-06 12:21:44] local.ERROR: syntax error, unexpected '++' (T_INC), expecting ')' {"exception":"[object] (Symfony\\Component\\Debug\\Exception\\FatalThrowableError(code: 0): syntax error, unexpected '++' (T_INC), expecting ')' at /home/gabriel/code/projetoUdemy/routes/web.php:30)
[stacktrace]
#0 /home/gabriel/code/projetoUdemy/vendor/laravel/framework/src/Illuminate/Routing/Router.php(416): Illuminate\\Routing\\RouteFileRegistrar->register('/home/gabriel/c...')
#1 /home/gabriel/code/projetoUdemy/vendor/laravel/framework/src/Illuminate/Routing/Router.php(374): Illuminate\\Routing\\Router->loadRoutes('/home/gabriel/c...')
#2 /home/gabriel/code/projetoUdemy/vendor/laravel/framework/src/Illuminate/Routing/RouteRegistrar.php(121): Illuminate\\Routing\\Router->group(Array, '/home/gabriel/c...')
#3 /home/gabriel/code/projetoUdemy/app/Providers/RouteServiceProvider.php(56): Illuminate\\Routing\\RouteRegistrar->group('/home/gabriel/c...')
#4 /home/gabriel/code/projetoUdemy/app/Providers/RouteServiceProvider.php(40): App\\Providers\\RouteServiceProvider->mapWebRoutes()
#5 [internal function]: App\\Providers\\RouteServiceProvider->map()
#6 /home/gabriel/code/projetoUdemy/vendor/laravel/framework/src/Illuminate/Container/BoundMethod.php(32): call_user_func_array(Array, Array)
#7 /home/gabriel/code/projetoUdemy/vendor/laravel/framework/src/Illuminate/Container/Util.php(36): Illuminate\\Container\\BoundMethod::Illuminate\\Container\\{closure}()
#8 /home/gabriel/code/projetoUdemy/vendor/laravel/framework/src/Illuminate/Container/BoundMethod.php(90): Illuminate\\Container\\Util::unwrapIfClosure(Object(Closure))
#9 /home/gabriel/code/projetoUdemy/vendor/laravel/framework/src/Illuminate/Container/BoundMethod.php(34): Illuminate\\Container\\BoundMethod::callBoundMethod(Object(Illuminate\\Foundation\\Application), Array, Object(Closure))
#10 /home/gabriel/code/projetoUdemy/vendor/laravel/framework/src/Illuminate/Container/Container.php(590): Illuminate\\Container\\BoundMethod::call(Object(Illuminate\\Foundation\\Application), Array, Array, NULL)
#11 /home/gabriel/code/projetoUdemy/vendor/laravel/framework/src/Illuminate/Foundation/Support/Providers/RouteServiceProvider.php(87): Illuminate\\Container\\Container->call(Array)
#12 /home/gabriel/code/projetoUdemy/vendor/laravel/framework/src/Illuminate/Foundation/Support/Providers/RouteServiceProvider.php(36): Illuminate\\Foundation\\Support\\Providers\\RouteServiceProvider->loadRoutes()
#13 /home/gabriel/code/projetoUdemy/app/Providers/RouteServiceProvider.php(28): Illuminate\\Foundation\\Support\\Providers\\RouteServiceProvider->boot()
#14 [internal function]: App\\Providers\\RouteServiceProvider->boot()
#15 /home/gabriel/code/projetoUdemy/vendor/laravel/framework/src/Illuminate/Container/BoundMethod.php(32): call_user_func_array(Array, Array)
#16 /home/gabriel/code/projetoUdemy/vendor/laravel/framework/src/Illuminate/Container/Util.php(36): Illuminate\\Container\\BoundMethod::Illuminate\\Container\\{closure}()
#17 /home/gabriel/code/projetoUdemy/vendor/laravel/framework/src/Illuminate/Container/BoundMethod.php(90): Illuminate\\Container\\Util::unwrapIfClosure(Object(Closure))
#18 /home/gabriel/code/projetoUdemy/vendor/laravel/framework/src/Illuminate/Container/BoundMethod.php(34): Illuminate\\Container\\BoundMethod::callBoundMethod(Object(Illuminate\\Foundation\\Application), Array, Object(Closure))
#19 /home/gabriel/code/projetoUdemy/vendor/laravel/framework/src/Illuminate/Container/Container.php(590): Illuminate\\Container\\BoundMethod::call(Object(Illuminate\\Foundation\\Application), Array, Array, NULL)
#20 /home/gabriel/code/projetoUdemy/vendor/laravel/framework/src/Illuminate/Foundation/Application.php(829): Illuminate\\Container\\Container->call(Array)
#21 /home/gabriel/code/projetoUdemy/vendor/laravel/framework/src/Illuminate/Foundation/Application.php(812): Illuminate\\Foundation\\Application->bootProvider(Object(App\\Providers\\RouteServiceProvider))
#22 [internal function]: Illuminate\\Foundation\\Application->Illuminate\\Foundation\\{closure}(Object(App\\Providers\\RouteServiceProvider), 22)
#23 /home/gabriel/code/projetoUdemy/vendor/laravel/framework/src/Illuminate/Foundation/Application.php(813): array_walk(Array, Object(Closure))
#24 /home/gabriel/code/projetoUdemy/vendor/laravel/framework/src/Illuminate/Foundation/Bootstrap/BootProviders.php(17): Illuminate\\Foundation\\Application->boot()
#25 /home/gabriel/code/projetoUdemy/vendor/laravel/framework/src/Illuminate/Foundation/Application.php(212): Illuminate\\Foundation\\Bootstrap\\BootProviders->bootstrap(Object(Illuminate\\Foundation\\Application))
#26 /home/gabriel/code/projetoUdemy/vendor/laravel/framework/src/Illuminate/Foundation/Http/Kernel.php(163): Illuminate\\Foundation\\Application->bootstrapWith(Array)
#27 /home/gabriel/code/projetoUdemy/vendor/laravel/framework/src/Illuminate/Foundation/Http/Kernel.php(147): Illuminate\\Foundation\\Http\\Kernel->bootstrap()
#28 /home/gabriel/code/projetoUdemy/vendor/laravel/framework/src/Illuminate/Foundation/Http/Kernel.php(117): Illuminate\\Foundation\\Http\\Kernel->sendRequestThroughRouter(Object(Illuminate\\Http\\Request))
#29 /home/gabriel/code/projetoUdemy/public/index.php(55): Illuminate\\Foundation\\Http\\Kernel->handle(Object(Illuminate\\Http\\Request))
#30 /home/gabriel/.composer/vendor/cpriego/valet-linux/server.php(211): require('/home/gabriel/c...')
#31 {main}
"} 
[2020-01-06 14:45:58] local.ERROR: Attribute [prefixe] does not exist. {"exception":"[object] (InvalidArgumentException(code: 0): Attribute [prefixe] does not exist. at /home/gabriel/code/projetoUdemy/vendor/laravel/framework/src/Illuminate/Routing/RouteRegistrar.php:92)
[stacktrace]
#0 /home/gabriel/code/projetoUdemy/vendor/laravel/framework/src/Illuminate/Routing/Router.php(1293): Illuminate\\Routing\\RouteRegistrar->attribute('prefixe', '/app')
#1 /home/gabriel/code/projetoUdemy/vendor/laravel/framework/src/Illuminate/Support/Facades/Facade.php(261): Illuminate\\Routing\\Router->__call('prefixe', Array)
#2 /home/gabriel/code/projetoUdemy/routes/web.php(35): Illuminate\\Support\\Facades\\Facade::__callStatic('prefixe', Array)
#3 /home/gabriel/code/projetoUdemy/vendor/laravel/framework/src/Illuminate/Routing/RouteFileRegistrar.php(35): require('/home/gabriel/c...')
#4 /home/gabriel/code/projetoUdemy/vendor/laravel/framework/src/Illuminate/Routing/Router.php(416): Illuminate\\Routing\\RouteFileRegistrar->register('/home/gabriel/c...')
#5 /home/gabriel/code/projetoUdemy/vendor/laravel/framework/src/Illuminate/Routing/Router.php(374): Illuminate\\Routing\\Router->loadRoutes('/home/gabriel/c...')
#6 /home/gabriel/code/projetoUdemy/vendor/laravel/framework/src/Illuminate/Routing/RouteRegistrar.php(121): Illuminate\\Routing\\Router->group(Array, '/home/gabriel/c...')
#7 /home/gabriel/code/projetoUdemy/app/Providers/RouteServiceProvider.php(56): Illuminate\\Routing\\RouteRegistrar->group('/home/gabriel/c...')
#8 /home/gabriel/code/projetoUdemy/app/Providers/RouteServiceProvider.php(40): App\\Providers\\RouteServiceProvider->mapWebRoutes()
#9 [internal function]: App\\Providers\\RouteServiceProvider->map()
#10 /home/gabriel/code/projetoUdemy/vendor/laravel/framework/src/Illuminate/Container/BoundMethod.php(32): call_user_func_array(Array, Array)
#11 /home/gabriel/code/projetoUdemy/vendor/laravel/framework/src/Illuminate/Container/Util.php(36): Illuminate\\Container\\BoundMethod::Illuminate\\Container\\{closure}()
#12 /home/gabriel/code/projetoUdemy/vendor/laravel/framework/src/Illuminate/Container/BoundMethod.php(90): Illuminate\\Container\\Util::unwrapIfClosure(Object(Closure))
#13 /home/gabriel/code/projetoUdemy/vendor/laravel/framework/src/Illuminate/Container/BoundMethod.php(34): Illuminate\\Container\\BoundMethod::callBoundMethod(Object(Illuminate\\Foundation\\Application), Array, Object(Closure))
#14 /home/gabriel/code/projetoUdemy/vendor/laravel/framework/src/Illuminate/Container/Container.php(590): Illuminate\\Container\\BoundMethod::call(Object(Illuminate\\Foundation\\Application), Array, Array, NULL)
#15 /home/gabriel/code/projetoUdemy/vendor/laravel/framework/src/Illuminate/Foundation/Support/Providers/RouteServiceProvider.php(87): Illuminate\\Container\\Container->call(Array)
#16 /home/gabriel/code/projetoUdemy/vendor/laravel/framework/src/Illuminate/Foundation/Support/Providers/RouteServiceProvider.php(36): Illuminate\\Foundation\\Support\\Providers\\RouteServiceProvider->loadRoutes()
#17 /home/gabriel/code/projetoUdemy/app/Providers/RouteServiceProvider.php(28): Illuminate\\Foundation\\Support\\Providers\\RouteServiceProvider->boot()
#18 [internal function]: App\\Providers\\RouteServiceProvider->boot()
#19 /home/gabriel/code/projetoUdemy/vendor/laravel/framework/src/Illuminate/Container/BoundMethod.php(32): call_user_func_array(Array, Array)
#20 /home/gabriel/code/projetoUdemy/vendor/laravel/framework/src/Illuminate/Container/Util.php(36): Illuminate\\Container\\BoundMethod::Illuminate\\Container\\{closure}()
#21 /home/gabriel/code/projetoUdemy/vendor/laravel/framework/src/Illuminate/Container/BoundMethod.php(90): Illuminate\\Container\\Util::unwrapIfClosure(Object(Closure))
#22 /home/gabriel/code/projetoUdemy/vendor/laravel/framework/src/Illuminate/Container/BoundMethod.php(34): Illuminate\\Container\\BoundMethod::callBoundMethod(Object(Illuminate\\Foundation\\Application), Array, Object(Closure))
#23 /home/gabriel/code/projetoUdemy/vendor/laravel/framework/src/Illuminate/Container/Container.php(590): Illuminate\\Container\\BoundMethod::call(Object(Illuminate\\Foundation\\Application), Array, Array, NULL)
#24 /home/gabriel/code/projetoUdemy/vendor/laravel/framework/src/Illuminate/Foundation/Application.php(829): Illuminate\\Container\\Container->call(Array)
#25 /home/gabriel/code/projetoUdemy/vendor/laravel/framework/src/Illuminate/Foundation/Application.php(812): Illuminate\\Foundation\\Application->bootProvider(Object(App\\Providers\\RouteServiceProvider))
#26 [internal function]: Illuminate\\Foundation\\Application->Illuminate\\Foundation\\{closure}(Object(App\\Providers\\RouteServiceProvider), 22)
#27 /home/gabriel/code/projetoUdemy/vendor/laravel/framework/src/Illuminate/Foundation/Application.php(813): array_walk(Array, Object(Closure))
#28 /home/gabriel/code/projetoUdemy/vendor/laravel/framework/src/Illuminate/Foundation/Bootstrap/BootProviders.php(17): Illuminate\\Foundation\\Application->boot()
#29 /home/gabriel/code/projetoUdemy/vendor/laravel/framework/src/Illuminate/Foundation/Application.php(212): Illuminate\\Foundation\\Bootstrap\\BootProviders->bootstrap(Object(Illuminate\\Foundation\\Application))
#30 /home/gabriel/code/projetoUdemy/vendor/laravel/framework/src/Illuminate/Foundation/Console/Kernel.php(320): Illuminate\\Foundation\\Application->bootstrapWith(Array)
#31 /home/gabriel/code/projetoUdemy/vendor/laravel/framework/src/Illuminate/Foundation/Console/Kernel.php(129): Illuminate\\Foundation\\Console\\Kernel->bootstrap()
#32 /home/gabriel/code/projetoUdemy/artisan(37): Illuminate\\Foundation\\Console\\Kernel->handle(Object(Symfony\\Component\\Console\\Input\\ArgvInput), Object(Symfony\\Component\\Console\\Output\\ConsoleOutput))
#33 {main}
"} 
[2020-01-06 14:46:11] local.ERROR: Attribute [prefixe] does not exist. {"exception":"[object] (InvalidArgumentException(code: 0): Attribute [prefixe] does not exist. at /home/gabriel/code/projetoUdemy/vendor/laravel/framework/src/Illuminate/Routing/RouteRegistrar.php:92)
[stacktrace]
#0 /home/gabriel/code/projetoUdemy/vendor/laravel/framework/src/Illuminate/Routing/Router.php(1293): Illuminate\\Routing\\RouteRegistrar->attribute('prefixe', '/app')
#1 /home/gabriel/code/projetoUdemy/vendor/laravel/framework/src/Illuminate/Support/Facades/Facade.php(261): Illuminate\\Routing\\Router->__call('prefixe', Array)
#2 /home/gabriel/code/projetoUdemy/routes/web.php(35): Illuminate\\Support\\Facades\\Facade::__callStatic('prefixe', Array)
#3 /home/gabriel/code/projetoUdemy/vendor/laravel/framework/src/Illuminate/Routing/RouteFileRegistrar.php(35): require('/home/gabriel/c...')
#4 /home/gabriel/code/projetoUdemy/vendor/laravel/framework/src/Illuminate/Routing/Router.php(416): Illuminate\\Routing\\RouteFileRegistrar->register('/home/gabriel/c...')
#5 /home/gabriel/code/projetoUdemy/vendor/laravel/framework/src/Illuminate/Routing/Router.php(374): Illuminate\\Routing\\Router->loadRoutes('/home/gabriel/c...')
#6 /home/gabriel/code/projetoUdemy/vendor/laravel/framework/src/Illuminate/Routing/RouteRegistrar.php(121): Illuminate\\Routing\\Router->group(Array, '/home/gabriel/c...')
#7 /home/gabriel/code/projetoUdemy/app/Providers/RouteServiceProvider.php(56): Illuminate\\Routing\\RouteRegistrar->group('/home/gabriel/c...')
#8 /home/gabriel/code/projetoUdemy/app/Providers/RouteServiceProvider.php(40): App\\Providers\\RouteServiceProvider->mapWebRoutes()
#9 [internal function]: App\\Providers\\RouteServiceProvider->map()
#10 /home/gabriel/code/projetoUdemy/vendor/laravel/framework/src/Illuminate/Container/BoundMethod.php(32): call_user_func_array(Array, Array)
#11 /home/gabriel/code/projetoUdemy/vendor/laravel/framework/src/Illuminate/Container/Util.php(36): Illuminate\\Container\\BoundMethod::Illuminate\\Container\\{closure}()
#12 /home/gabriel/code/projetoUdemy/vendor/laravel/framework/src/Illuminate/Container/BoundMethod.php(90): Illuminate\\Container\\Util::unwrapIfClosure(Object(Closure))
#13 /home/gabriel/code/projetoUdemy/vendor/laravel/framework/src/Illuminate/Container/BoundMethod.php(34): Illuminate\\Container\\BoundMethod::callBoundMethod(Object(Illuminate\\Foundation\\Application), Array, Object(Closure))
#14 /home/gabriel/code/projetoUdemy/vendor/laravel/framework/src/Illuminate/Container/Container.php(590): Illuminate\\Container\\BoundMethod::call(Object(Illuminate\\Foundation\\Application), Array, Array, NULL)
#15 /home/gabriel/code/projetoUdemy/vendor/laravel/framework/src/Illuminate/Foundation/Support/Providers/RouteServiceProvider.php(87): Illuminate\\Container\\Container->call(Array)
#16 /home/gabriel/code/projetoUdemy/vendor/laravel/framework/src/Illuminate/Foundation/Support/Providers/RouteServiceProvider.php(36): Illuminate\\Foundation\\Support\\Providers\\RouteServiceProvider->loadRoutes()
#17 /home/gabriel/code/projetoUdemy/app/Providers/RouteServiceProvider.php(28): Illuminate\\Foundation\\Support\\Providers\\RouteServiceProvider->boot()
#18 [internal function]: App\\Providers\\RouteServiceProvider->boot()
#19 /home/gabriel/code/projetoUdemy/vendor/laravel/framework/src/Illuminate/Container/BoundMethod.php(32): call_user_func_array(Array, Array)
#20 /home/gabriel/code/projetoUdemy/vendor/laravel/framework/src/Illuminate/Container/Util.php(36): Illuminate\\Container\\BoundMethod::Illuminate\\Container\\{closure}()
#21 /home/gabriel/code/projetoUdemy/vendor/laravel/framework/src/Illuminate/Container/BoundMethod.php(90): Illuminate\\Container\\Util::unwrapIfClosure(Object(Closure))
#22 /home/gabriel/code/projetoUdemy/vendor/laravel/framework/src/Illuminate/Container/BoundMethod.php(34): Illuminate\\Container\\BoundMethod::callBoundMethod(Object(Illuminate\\Foundation\\Application), Array, Object(Closure))
#23 /home/gabriel/code/projetoUdemy/vendor/laravel/framework/src/Illuminate/Container/Container.php(590): Illuminate\\Container\\BoundMethod::call(Object(Illuminate\\Foundation\\Application), Array, Array, NULL)
#24 /home/gabriel/code/projetoUdemy/vendor/laravel/framework/src/Illuminate/Foundation/Application.php(829): Illuminate\\Container\\Container->call(Array)
#25 /home/gabriel/code/projetoUdemy/vendor/laravel/framework/src/Illuminate/Foundation/Application.php(812): Illuminate\\Foundation\\Application->bootProvider(Object(App\\Providers\\RouteServiceProvider))
#26 [internal function]: Illuminate\\Foundation\\Application->Illuminate\\Foundation\\{closure}(Object(App\\Providers\\RouteServiceProvider), 22)
#27 /home/gabriel/code/projetoUdemy/vendor/laravel/framework/src/Illuminate/Foundation/Application.php(813): array_walk(Array, Object(Closure))
#28 /home/gabriel/code/projetoUdemy/vendor/laravel/framework/src/Illuminate/Foundation/Bootstrap/BootProviders.php(17): Illuminate\\Foundation\\Application->boot()
#29 /home/gabriel/code/projetoUdemy/vendor/laravel/framework/src/Illuminate/Foundation/Application.php(212): Illuminate\\Foundation\\Bootstrap\\BootProviders->bootstrap(Object(Illuminate\\Foundation\\Application))
#30 /home/gabriel/code/projetoUdemy/vendor/laravel/framework/src/Illuminate/Foundation/Http/Kernel.php(163): Illuminate\\Foundation\\Application->bootstrapWith(Array)
#31 /home/gabriel/code/projetoUdemy/vendor/laravel/framework/src/Illuminate/Foundation/Http/Kernel.php(147): Illuminate\\Foundation\\Http\\Kernel->bootstrap()
#32 /home/gabriel/code/projetoUdemy/vendor/laravel/framework/src/Illuminate/Foundation/Http/Kernel.php(117): Illuminate\\Foundation\\Http\\Kernel->sendRequestThroughRouter(Object(Illuminate\\Http\\Request))
#33 /home/gabriel/code/projetoUdemy/public/index.php(55): Illuminate\\Foundation\\Http\\Kernel->handle(Object(Illuminate\\Http\\Request))
#34 /home/gabriel/.composer/vendor/cpriego/valet-linux/server.php(211): require('/home/gabriel/c...')
#35 {main}
"} 
